# JRE version: OpenJDK Runtime Environment (15.0.2+7) (build 15.0.2+7-27)
# Java VM: OpenJDK 64-Bit Server VM (15.0.2+7-27, mixed mode, tiered, compressed oops, g1 gc, windows-amd64)
GC Precious Log:
 CPUs: 8 total, 8 available
 Memory: 8073M
 Large Page Support: Disabled
 NUMA Support: Disabled
 Compressed Oops: Enabled (32-bit)
 Heap Region Size: 1M
 Heap Min Capacity: 8M
 Heap Initial Capacity: 128M
 Heap Max Capacity: 2020M
 Pre-touch: Disabled
 Parallel Workers: 8
 Concurrent Workers: 2
 Concurrent Refinement Workers: 8
 Periodic GC: Disabled
Heap:
 garbage-first heap   total 88064K, used 62206K [0x0000000081c00000, 0x0000000100000000)
  region size 1024K, 42 young (43008K), 5 survivors (5120K)
 Metaspace       used 70786K, capacity 71333K, committed 71500K, reserved 1112064K
  class space    used 8479K, capacity 8643K, committed 8780K, reserved 1048576K
GC Heap History (20 events):
Event: 3.544 GC heap before
{Heap before GC invocations=13 (full 0):
 garbage-first heap   total 58368K, used 45197K [0x0000000081c00000, 0x0000000100000000)
  region size 1024K, 34 young (34816K), 3 survivors (3072K)
 Metaspace       used 36738K, capacity 37097K, committed 37248K, reserved 1083392K
  class space    used 4051K, capacity 4171K, committed 4224K, reserved 1048576K
}
Event: 3.550 GC heap after
{Heap after GC invocations=14 (full 0):
 garbage-first heap   total 58368K, used 14805K [0x0000000081c00000, 0x0000000100000000)
  region size 1024K, 3 young (3072K), 3 survivors (3072K)
 Metaspace       used 36738K, capacity 37097K, committed 37248K, reserved 1083392K
  class space    used 4051K, capacity 4171K, committed 4224K, reserved 1048576K
}
Event: 3.768 GC heap before
{Heap before GC invocations=14 (full 0):
 garbage-first heap   total 58368K, used 45525K [0x0000000081c00000, 0x0000000100000000)
  region size 1024K, 34 young (34816K), 3 survivors (3072K)
 Metaspace       used 37816K, capacity 38156K, committed 38400K, reserved 1083392K
  class space    used 4184K, capacity 4332K, committed 4352K, reserved 1048576K
}
Event: 3.772 GC heap after
{Heap after GC invocations=15 (full 0):
 garbage-first heap   total 58368K, used 15302K [0x0000000081c00000, 0x0000000100000000)
  region size 1024K, 2 young (2048K), 2 survivors (2048K)
 Metaspace       used 37816K, capacity 38156K, committed 38400K, reserved 1083392K
  class space    used 4184K, capacity 4332K, committed 4352K, reserved 1048576K
}
Event: 4.135 GC heap before
{Heap before GC invocations=15 (full 0):
 garbage-first heap   total 58368K, used 47046K [0x0000000081c00000, 0x0000000100000000)
  region size 1024K, 33 young (33792K), 2 survivors (2048K)
 Metaspace       used 40768K, capacity 41150K, committed 41344K, reserved 1085440K
  class space    used 4569K, capacity 4688K, committed 4736K, reserved 1048576K
}
Event: 4.138 GC heap after
{Heap after GC invocations=16 (full 0):
 garbage-first heap   total 72704K, used 16073K [0x0000000081c00000, 0x0000000100000000)
  region size 1024K, 3 young (3072K), 3 survivors (3072K)
 Metaspace       used 40768K, capacity 41150K, committed 41344K, reserved 1085440K
  class space    used 4569K, capacity 4688K, committed 4736K, reserved 1048576K
}
Event: 4.644 GC heap before
{Heap before GC invocations=16 (full 0):
 garbage-first heap   total 72704K, used 56009K [0x0000000081c00000, 0x0000000100000000)
  region size 1024K, 42 young (43008K), 3 survivors (3072K)
 Metaspace       used 44903K, capacity 45319K, committed 45568K, reserved 1089536K
  class space    used 5204K, capacity 5330K, committed 5376K, reserved 1048576K
}
Event: 4.649 GC heap after
{Heap after GC invocations=17 (full 0):
 garbage-first heap   total 72704K, used 16897K [0x0000000081c00000, 0x0000000100000000)
  region size 1024K, 4 young (4096K), 4 survivors (4096K)
 Metaspace       used 44903K, capacity 45319K, committed 45568K, reserved 1089536K
  class space    used 5204K, capacity 5330K, committed 5376K, reserved 1048576K
}
Event: 5.079 GC heap before
{Heap before GC invocations=17 (full 0):
 garbage-first heap   total 72704K, used 55809K [0x0000000081c00000, 0x0000000100000000)
  region size 1024K, 42 young (43008K), 4 survivors (4096K)
 Metaspace       used 48944K, capacity 49320K, committed 49664K, reserved 1093632K
  class space    used 5663K, capacity 5787K, committed 5888K, reserved 1048576K
}
Event: 5.083 GC heap after
{Heap after GC invocations=18 (full 0):
 garbage-first heap   total 72704K, used 19223K [0x0000000081c00000, 0x0000000100000000)
  region size 1024K, 6 young (6144K), 6 survivors (6144K)
 Metaspace       used 48944K, capacity 49320K, committed 49664K, reserved 1093632K
  class space    used 5663K, capacity 5787K, committed 5888K, reserved 1048576K
}
Event: 5.447 GC heap before
{Heap before GC invocations=18 (full 0):
 garbage-first heap   total 72704K, used 56087K [0x0000000081c00000, 0x0000000100000000)
  region size 1024K, 42 young (43008K), 6 survivors (6144K)
 Metaspace       used 52751K, capacity 53169K, committed 53504K, reserved 1095680K
  class space    used 6163K, capacity 6301K, committed 6400K, reserved 1048576K
}
Event: 5.452 GC heap after
{Heap after GC invocations=19 (full 0):
 garbage-first heap   total 72704K, used 20085K [0x0000000081c00000, 0x0000000100000000)
  region size 1024K, 4 young (4096K), 4 survivors (4096K)
 Metaspace       used 52751K, capacity 53169K, committed 53504K, reserved 1095680K
  class space    used 6163K, capacity 6301K, committed 6400K, reserved 1048576K
}
Event: 5.880 GC heap before
{Heap before GC invocations=19 (full 0):
 garbage-first heap   total 72704K, used 57973K [0x0000000081c00000, 0x0000000100000000)
  region size 1024K, 41 young (41984K), 4 survivors (4096K)
 Metaspace       used 56111K, capacity 56575K, committed 56832K, reserved 1099776K
  class space    used 6698K, capacity 6857K, committed 6912K, reserved 1048576K
}
Event: 5.884 GC heap after
{Heap after GC invocations=20 (full 0):
 garbage-first heap   total 88064K, used 20869K [0x0000000081c00000, 0x0000000100000000)
  region size 1024K, 2 young (2048K), 2 survivors (2048K)
 Metaspace       used 56111K, capacity 56575K, committed 56832K, reserved 1099776K
  class space    used 6698K, capacity 6857K, committed 6912K, reserved 1048576K
}
Event: 6.516 GC heap before
{Heap before GC invocations=20 (full 0):
 garbage-first heap   total 88064K, used 58757K [0x0000000081c00000, 0x0000000100000000)
  region size 1024K, 40 young (40960K), 2 survivors (2048K)
 Metaspace       used 59739K, capacity 60141K, committed 60160K, reserved 1101824K
  class space    used 7148K, capacity 7277K, committed 7296K, reserved 1048576K
}
Event: 6.520 GC heap after
{Heap after GC invocations=21 (full 0):
 garbage-first heap   total 88064K, used 22484K [0x0000000081c00000, 0x0000000100000000)
  region size 1024K, 4 young (4096K), 4 survivors (4096K)
 Metaspace       used 59739K, capacity 60141K, committed 60160K, reserved 1101824K
  class space    used 7148K, capacity 7277K, committed 7296K, reserved 1048576K
}
Event: 7.345 GC heap before
{Heap before GC invocations=22 (full 0):
 garbage-first heap   total 88064K, used 70612K [0x0000000081c00000, 0x0000000100000000)
  region size 1024K, 51 young (52224K), 4 survivors (4096K)
 Metaspace       used 62825K, capacity 63316K, committed 63564K, reserved 1105920K
  class space    used 7569K, capacity 7727K, committed 7756K, reserved 1048576K
}
Event: 7.352 GC heap after
{Heap after GC invocations=23 (full 0):
 garbage-first heap   total 88064K, used 25340K [0x0000000081c00000, 0x0000000100000000)
  region size 1024K, 7 young (7168K), 7 survivors (7168K)
 Metaspace       used 62825K, capacity 63316K, committed 63564K, reserved 1105920K
  class space    used 7569K, capacity 7727K, committed 7756K, reserved 1048576K
}
Event: 10.092 GC heap before
{Heap before GC invocations=24 (full 0):
 garbage-first heap   total 88064K, used 69372K [0x0000000081c00000, 0x0000000100000000)
  region size 1024K, 50 young (51200K), 7 survivors (7168K)
 Metaspace       used 67361K, capacity 67885K, committed 68172K, reserved 1110016K
  class space    used 8071K, capacity 8222K, committed 8268K, reserved 1048576K
}
Event: 10.101 GC heap after
{Heap after GC invocations=25 (full 0):
 garbage-first heap   total 88064K, used 26366K [0x0000000081c00000, 0x0000000100000000)
  region size 1024K, 5 young (5120K), 5 survivors (5120K)
 Metaspace       used 67361K, capacity 67885K, committed 68172K, reserved 1110016K
  class space    used 8071K, capacity 8222K, committed 8268K, reserved 1048576K
}

